[debug] [2023-03-21T15:41:32.937Z] ----------------------------------------------------------------------
[debug] [2023-03-21T15:41:32.940Z] Command:       D:\node.exe D:\code\node_modules\firebase-tools\lib\bin\firebase.js emulators:start --only functions
[debug] [2023-03-21T15:41:32.941Z] CLI Version:   11.24.1
[debug] [2023-03-21T15:41:32.941Z] Platform:      win32
[debug] [2023-03-21T15:41:32.942Z] Node Version:  v18.14.2
[debug] [2023-03-21T15:41:32.944Z] Time:          Wed Mar 22 2023 00:41:32 GMT+0900 (대한민국 표준시)
[debug] [2023-03-21T15:41:32.945Z] ----------------------------------------------------------------------
[debug] 
[debug] [2023-03-21T15:41:33.092Z] > command requires scopes: ["email","openid","https://www.googleapis.com/auth/cloudplatformprojects.readonly","https://www.googleapis.com/auth/firebase","https://www.googleapis.com/auth/cloud-platform"]
[debug] [2023-03-21T15:41:33.093Z] > authorizing via signed-in user (rudwnok@gmail.com)
[info] i  emulators: Starting emulators: functions {"metadata":{"emulator":{"name":"hub"},"message":"Starting emulators: functions"}}
[debug] [2023-03-21T15:41:33.112Z] [logging] Logging Emulator only supports listening on one address (127.0.0.1). Not listening on ::1
[debug] [2023-03-21T15:41:33.113Z] assigned listening specs for emulators {"user":{"hub":[{"address":"127.0.0.1","family":"IPv4","port":4400},{"address":"::1","family":"IPv6","port":4400}],"ui":[{"address":"127.0.0.1","family":"IPv4","port":4000},{"address":"::1","family":"IPv6","port":4000}],"logging":[{"address":"127.0.0.1","family":"IPv4","port":4500}]},"metadata":{"message":"assigned listening specs for emulators"}}
[debug] [2023-03-21T15:41:33.125Z] [hub] writing locator at C:\Users\lkj\AppData\Local\Temp\hub-crud-api-91530.json
[debug] [2023-03-21T15:41:33.163Z] [functions] Functions Emulator only supports listening on one address (127.0.0.1). Not listening on ::1
[debug] [2023-03-21T15:41:33.163Z] [eventarc] Eventarc Emulator only supports listening on one address (127.0.0.1). Not listening on ::1
[debug] [2023-03-21T15:41:33.164Z] late-assigned ports for functions and eventarc emulators {"user":{"hub":[{"address":"127.0.0.1","family":"IPv4","port":4400},{"address":"::1","family":"IPv6","port":4400}],"ui":[{"address":"127.0.0.1","family":"IPv4","port":4000},{"address":"::1","family":"IPv6","port":4000}],"logging":[{"address":"127.0.0.1","family":"IPv4","port":4500}],"functions":[{"address":"127.0.0.1","family":"IPv4","port":5001}],"eventarc":[{"address":"127.0.0.1","family":"IPv4","port":9299}]},"metadata":{"message":"late-assigned ports for functions and eventarc emulators"}}
[warn] !  functions: The following emulators are not running, calls to these services from the Functions emulator will affect production: auth, firestore, database, hosting, pubsub, storage {"metadata":{"emulator":{"name":"functions"},"message":"The following emulators are not running, calls to these services from the Functions emulator will affect production: \u001b[1mauth, firestore, database, hosting, pubsub, storage\u001b[22m"}}
[debug] [2023-03-21T15:41:33.173Z] defaultcredentials: writing to file C:\Users\lkj\AppData\Roaming\firebase\rudwnok_gmail_com_application_default_credentials.json
[debug] [2023-03-21T15:41:33.186Z] Setting GAC to C:\Users\lkj\AppData\Roaming\firebase\rudwnok_gmail_com_application_default_credentials.json {"metadata":{"emulator":{"name":"functions"},"message":"Setting GAC to C:\\Users\\lkj\\AppData\\Roaming\\firebase\\rudwnok_gmail_com_application_default_credentials.json"}}
[debug] [2023-03-21T15:41:33.188Z] >>> [apiv2][query] GET https://firebase.googleapis.com/v1beta1/projects/crud-api-91530/adminSdkConfig [none]
[debug] [2023-03-21T15:41:33.667Z] <<< [apiv2][status] GET https://firebase.googleapis.com/v1beta1/projects/crud-api-91530/adminSdkConfig 200
[debug] [2023-03-21T15:41:33.667Z] <<< [apiv2][body] GET https://firebase.googleapis.com/v1beta1/projects/crud-api-91530/adminSdkConfig {"projectId":"crud-api-91530","storageBucket":"crud-api-91530.appspot.com","locationId":"asia-northeast1"}
[debug] [2023-03-21T15:41:33.699Z] Ignoring unsupported arg: auto_download {"metadata":{"emulator":{"name":"ui"},"message":"Ignoring unsupported arg: auto_download"}}
[debug] [2023-03-21T15:41:33.699Z] Ignoring unsupported arg: port {"metadata":{"emulator":{"name":"ui"},"message":"Ignoring unsupported arg: port"}}
[debug] [2023-03-21T15:41:33.699Z] Starting Emulator UI with command {"binary":"node","args":["C:\\Users\\lkj\\.cache\\firebase\\emulators\\ui-v1.11.4\\server\\server.js"],"optionalArgs":[],"joinArgs":false} {"metadata":{"emulator":{"name":"ui"},"message":"Starting Emulator UI with command {\"binary\":\"node\",\"args\":[\"C:\\\\Users\\\\lkj\\\\.cache\\\\firebase\\\\emulators\\\\ui-v1.11.4\\\\server\\\\server.js\"],\"optionalArgs\":[],\"joinArgs\":false}"}}
[info] i  ui: Emulator UI logging to ui-debug.log {"metadata":{"emulator":{"name":"ui"},"message":"Emulator UI logging to \u001b[1mui-debug.log\u001b[22m"}}
[debug] [2023-03-21T15:41:33.945Z] Web / API server started at 127.0.0.1:4000
 {"metadata":{"emulator":{"name":"ui"},"message":"Web / API server started at 127.0.0.1:4000\n"}}
[debug] [2023-03-21T15:41:33.945Z] Web / API server started at ::1:4000
 {"metadata":{"emulator":{"name":"ui"},"message":"Web / API server started at ::1:4000\n"}}
[info] i  functions: Watching "D:\code\dummy-api\functions" for Cloud Functions... {"metadata":{"emulator":{"name":"functions"},"message":"Watching \"D:\\code\\dummy-api\\functions\" for Cloud Functions..."}}
[debug] [2023-03-21T15:41:33.984Z] Validating nodejs source
[debug] [2023-03-21T15:41:42.596Z] > [functions] package.json contents: {
  "name": "functions",
  "description": "Cloud Functions for Firebase",
  "scripts": {
    "serve": "firebase emulators:start --only functions",
    "shell": "firebase functions:shell",
    "start": "npm run shell",
    "deploy": "firebase deploy --only functions",
    "logs": "firebase functions:log"
  },
  "engines": {
    "node": "16"
  },
  "main": "index.js",
  "dependencies": {
    "express": "^4.18.2",
    "firebase-admin": "^11.5.0",
    "firebase-functions": "^4.2.0"
  },
  "devDependencies": {
    "firebase-functions-test": "^3.0.0"
  },
  "private": true
}
[debug] [2023-03-21T15:41:42.597Z] Building nodejs source
[debug] [2023-03-21T15:41:42.597Z] Failed to find version of module node: reached end of search path D:\code\dummy-api\functions\node_modules
[warn] !  functions: Your requested "node" version "16" doesn't match your global version "18". Using node@18 from host. 
[debug] [2023-03-21T15:41:42.601Z] Could not find functions.yaml. Must use http discovery
[debug] [2023-03-21T15:41:42.624Z] Found firebase-functions binary at 'D:\code\dummy-api\functions\node_modules\.bin\firebase-functions'
[debug] [2023-03-21T15:41:44.603Z] Serving at port 8172

[debug] [2023-03-21T15:41:47.896Z] Got response from /__/functions.yaml {"endpoints":{"movieAPI":{"platform":"gcfv1","availableMemoryMb":null,"timeoutSeconds":null,"minInstances":null,"maxInstances":null,"ingressSettings":null,"serviceAccountEmail":null,"vpc":null,"region":["asia-northeast1"],"httpsTrigger":{},"entryPoint":"movieAPI"}},"specVersion":"v1alpha1","requiredAPIs":[]}
[debug] [2023-03-21T15:41:47.906Z] shutdown requested via /__/quitquitquit

[info] +  functions: Loaded functions definitions from source: movieAPI. {"metadata":{"emulator":{"name":"functions"},"message":"Loaded functions definitions from source: movieAPI."}}
[info] +  functions[asia-northeast1-movieAPI]: http function initialized (http://127.0.0.1:5001/crud-api-91530/asia-northeast1/movieAPI). {"metadata":{"emulator":{"name":"functions"},"message":"\u001b[1mhttp\u001b[22m function initialized (http://127.0.0.1:5001/crud-api-91530/asia-northeast1/movieAPI)."}}
[info] 
┌─────────────────────────────────────────────────────────────┐
│ ✔  All emulators ready! It is now safe to connect your app. │
│ i  View Emulator UI at http://127.0.0.1:4000/               │
└─────────────────────────────────────────────────────────────┘

┌───────────┬────────────────┬─────────────────────────────────┐
│ Emulator  │ Host:Port      │ View in Emulator UI             │
├───────────┼────────────────┼─────────────────────────────────┤
│ Functions │ 127.0.0.1:5001 │ http://127.0.0.1:4000/functions │
└───────────┴────────────────┴─────────────────────────────────┘
  Emulator Hub running at 127.0.0.1:4400
  Other reserved ports: 4500

Issues? Report them at https://github.com/firebase/firebase-tools/issues and attach the *-debug.log files.
 
[debug] [2023-03-21T15:46:40.987Z] [work-queue] {"queuedWork":["/crud-api-91530/asia-northeast1/movieAPI/api/movies-2023-03-21T15:46:40.986Z"],"queueLength":1,"runningWork":[],"workRunningCount":0}
[debug] [2023-03-21T15:46:40.988Z] [work-queue] {"queuedWork":[],"queueLength":0,"runningWork":["/crud-api-91530/asia-northeast1/movieAPI/api/movies-2023-03-21T15:46:40.986Z"],"workRunningCount":1}
[debug] [2023-03-21T15:46:40.988Z] Accepted request POST /crud-api-91530/asia-northeast1/movieAPI/api/movies --> asia-northeast1-movieAPI
[debug] [2023-03-21T15:46:40.999Z] [functions] Runtime ready! Sending request! {"metadata":{"emulator":{"name":"functions"},"message":"[functions] Runtime ready! Sending request!"}}
[debug] [2023-03-21T15:46:41.276Z] [functions] Got req.url=/crud-api-91530/asia-northeast1/movieAPI/api/movies, mapping to path=/api/movies {"metadata":{"emulator":{"name":"functions"},"message":"[functions] Got req.url=/crud-api-91530/asia-northeast1/movieAPI/api/movies, mapping to path=/api/movies"}}
[debug] [2023-03-21T15:46:41.302Z] [worker-pool] addWorker(asia-northeast1-movieAPI) {"metadata":{"emulator":{"name":"functions"},"message":"[worker-pool] addWorker(asia-northeast1-movieAPI)"}}
[debug] [2023-03-21T15:46:41.307Z] [worker-pool] Adding worker with key asia-northeast1-movieAPI, total=1 {"metadata":{"emulator":{"name":"functions"},"message":"[worker-pool] Adding worker with key asia-northeast1-movieAPI, total=1"}}
[debug] [2023-03-21T15:46:52.886Z] [runtime-status] [2448] Resolved module firebase-admin {"declared":true,"installed":true,"version":"11.5.0","resolution":"D:\\code\\dummy-api\\functions\\node_modules\\firebase-admin\\lib\\index.js"} {"metadata":{"emulator":{"name":"functions"},"function":{"name":"asia-northeast1-movieAPI"},"extension":{},"message":"[runtime-status] [2448] Resolved module firebase-admin {\"declared\":true,\"installed\":true,\"version\":\"11.5.0\",\"resolution\":\"D:\\\\code\\\\dummy-api\\\\functions\\\\node_modules\\\\firebase-admin\\\\lib\\\\index.js\"}"}}
[debug] [2023-03-21T15:46:52.903Z] [runtime-status] [2448] Resolved module firebase-functions {"declared":true,"installed":true,"version":"4.2.1","resolution":"D:\\code\\dummy-api\\functions\\node_modules\\firebase-functions\\lib\\v1\\index.js"} {"metadata":{"emulator":{"name":"functions"},"function":{"name":"asia-northeast1-movieAPI"},"extension":{},"message":"[runtime-status] [2448] Resolved module firebase-functions {\"declared\":true,\"installed\":true,\"version\":\"4.2.1\",\"resolution\":\"D:\\\\code\\\\dummy-api\\\\functions\\\\node_modules\\\\firebase-functions\\\\lib\\\\v1\\\\index.js\"}"}}
[debug] [2023-03-21T15:46:52.904Z] [runtime-status] [2448] Outgoing network have been stubbed. [{"name":"http","status":"mocked"},{"name":"http","status":"mocked"},{"name":"https","status":"mocked"},{"name":"https","status":"mocked"},{"name":"net","status":"mocked"}] {"metadata":{"emulator":{"name":"functions"},"function":{"name":"asia-northeast1-movieAPI"},"extension":{},"message":"[runtime-status] [2448] Outgoing network have been stubbed. [{\"name\":\"http\",\"status\":\"mocked\"},{\"name\":\"http\",\"status\":\"mocked\"},{\"name\":\"https\",\"status\":\"mocked\"},{\"name\":\"https\",\"status\":\"mocked\"},{\"name\":\"net\",\"status\":\"mocked\"}]"}}
[debug] [2023-03-21T15:46:52.907Z] [runtime-status] [2448] Resolved module firebase-functions {"declared":true,"installed":true,"version":"4.2.1","resolution":"D:\\code\\dummy-api\\functions\\node_modules\\firebase-functions\\lib\\v1\\index.js"} {"metadata":{"emulator":{"name":"functions"},"function":{"name":"asia-northeast1-movieAPI"},"extension":{},"message":"[runtime-status] [2448] Resolved module firebase-functions {\"declared\":true,\"installed\":true,\"version\":\"4.2.1\",\"resolution\":\"D:\\\\code\\\\dummy-api\\\\functions\\\\node_modules\\\\firebase-functions\\\\lib\\\\v1\\\\index.js\"}"}}
[debug] [2023-03-21T15:46:56.594Z] [runtime-status] [2448] Checked functions.config() {"config":{}} {"metadata":{"emulator":{"name":"functions"},"function":{"name":"asia-northeast1-movieAPI"},"extension":{},"message":"[runtime-status] [2448] Checked functions.config() {\"config\":{}}"}}
[debug] [2023-03-21T15:46:56.594Z] [runtime-status] [2448] firebase-functions has been stubbed. {"functionsResolution":{"declared":true,"installed":true,"version":"4.2.1","resolution":"D:\\code\\dummy-api\\functions\\node_modules\\firebase-functions\\lib\\v1\\index.js"}} {"metadata":{"emulator":{"name":"functions"},"function":{"name":"asia-northeast1-movieAPI"},"extension":{},"message":"[runtime-status] [2448] firebase-functions has been stubbed. {\"functionsResolution\":{\"declared\":true,\"installed\":true,\"version\":\"4.2.1\",\"resolution\":\"D:\\\\code\\\\dummy-api\\\\functions\\\\node_modules\\\\firebase-functions\\\\lib\\\\v1\\\\index.js\"}}"}}
[debug] [2023-03-21T15:46:56.596Z] [runtime-status] [2448] Resolved module firebase-functions {"declared":true,"installed":true,"version":"4.2.1","resolution":"D:\\code\\dummy-api\\functions\\node_modules\\firebase-functions\\lib\\v1\\index.js"} {"metadata":{"emulator":{"name":"functions"},"function":{"name":"asia-northeast1-movieAPI"},"extension":{},"message":"[runtime-status] [2448] Resolved module firebase-functions {\"declared\":true,\"installed\":true,\"version\":\"4.2.1\",\"resolution\":\"D:\\\\code\\\\dummy-api\\\\functions\\\\node_modules\\\\firebase-functions\\\\lib\\\\v1\\\\index.js\"}"}}
[debug] [2023-03-21T15:46:56.598Z] [runtime-status] [2448] Resolved module firebase-admin {"declared":true,"installed":true,"version":"11.5.0","resolution":"D:\\code\\dummy-api\\functions\\node_modules\\firebase-admin\\lib\\index.js"} {"metadata":{"emulator":{"name":"functions"},"function":{"name":"asia-northeast1-movieAPI"},"extension":{},"message":"[runtime-status] [2448] Resolved module firebase-admin {\"declared\":true,\"installed\":true,\"version\":\"11.5.0\",\"resolution\":\"D:\\\\code\\\\dummy-api\\\\functions\\\\node_modules\\\\firebase-admin\\\\lib\\\\index.js\"}"}}
[debug] [2023-03-21T15:46:56.638Z] [runtime-status] [2448] Resolved module firebase-functions {"declared":true,"installed":true,"version":"4.2.1","resolution":"D:\\code\\dummy-api\\functions\\node_modules\\firebase-functions\\lib\\v1\\index.js"} {"metadata":{"emulator":{"name":"functions"},"function":{"name":"asia-northeast1-movieAPI"},"extension":{},"message":"[runtime-status] [2448] Resolved module firebase-functions {\"declared\":true,\"installed\":true,\"version\":\"4.2.1\",\"resolution\":\"D:\\\\code\\\\dummy-api\\\\functions\\\\node_modules\\\\firebase-functions\\\\lib\\\\v1\\\\index.js\"}"}}
[debug] [2023-03-21T15:46:56.638Z] [runtime-status] [2448] firebase-admin has been stubbed. {"adminResolution":{"declared":true,"installed":true,"version":"11.5.0","resolution":"D:\\code\\dummy-api\\functions\\node_modules\\firebase-admin\\lib\\index.js"}} {"metadata":{"emulator":{"name":"functions"},"function":{"name":"asia-northeast1-movieAPI"},"extension":{},"message":"[runtime-status] [2448] firebase-admin has been stubbed. {\"adminResolution\":{\"declared\":true,\"installed\":true,\"version\":\"11.5.0\",\"resolution\":\"D:\\\\code\\\\dummy-api\\\\functions\\\\node_modules\\\\firebase-admin\\\\lib\\\\index.js\"}}"}}
[debug] [2023-03-21T15:46:58.157Z] [runtime-status] [2448] initializeApp(DEFAULT) {"storageBucket":"crud-api-91530.appspot.com","projectId":"crud-api-91530"} {"metadata":{"emulator":{"name":"functions"},"function":{"name":"asia-northeast1-movieAPI"},"extension":{},"message":"[runtime-status] [2448] initializeApp(DEFAULT) {\"storageBucket\":\"crud-api-91530.appspot.com\",\"projectId\":\"crud-api-91530\"}"}}
[warn] !  functions: The Cloud Firestore emulator is not running, so calls to Firestore will affect production. {"metadata":{"emulator":{"name":"functions"},"function":{"name":"asia-northeast1-movieAPI"},"extension":{},"message":"The Cloud Firestore emulator is not running, so calls to Firestore will affect production."}}
[debug] [2023-03-21T15:46:58.174Z] [runtime-status] [2448] Functions runtime initialized. {"cwd":"D:\\code\\dummy-api\\functions","node_version":"18.14.2"} {"metadata":{"emulator":{"name":"functions"},"function":{"name":"asia-northeast1-movieAPI"},"extension":{},"message":"[runtime-status] [2448] Functions runtime initialized. {\"cwd\":\"D:\\\\code\\\\dummy-api\\\\functions\",\"node_version\":\"18.14.2\"}"}}
[debug] [2023-03-21T15:46:58.175Z] [runtime-status] [2448] Listening to port: \\?\pipe\fire_emu_8c51289f6d75384c {"metadata":{"emulator":{"name":"functions"},"function":{"name":"asia-northeast1-movieAPI"},"extension":{},"message":"[runtime-status] [2448] Listening to port: \\\\?\\pipe\\fire_emu_8c51289f6d75384c"}}
[debug] [2023-03-21T15:46:58.222Z] [worker-asia-northeast1-movieAPI-6e3aab15-33b0-4cce-8b34-e3e1e72072d5]: IDLE {"metadata":{"emulator":{"name":"functions"},"function":{"name":"asia-northeast1-movieAPI"},"extension":{},"message":"[worker-asia-northeast1-movieAPI-6e3aab15-33b0-4cce-8b34-e3e1e72072d5]: IDLE"}}
[debug] [2023-03-21T15:46:58.224Z] [worker-pool] submitRequest(triggerId=asia-northeast1-movieAPI) {"metadata":{"emulator":{"name":"functions"},"message":"[worker-pool] submitRequest(triggerId=asia-northeast1-movieAPI)"}}
[info] i  functions: Beginning execution of "asia-northeast1-movieAPI" {"metadata":{"emulator":{"name":"functions"},"function":{"name":"asia-northeast1-movieAPI"},"extension":{},"message":"Beginning execution of \"asia-northeast1-movieAPI\""}}
[debug] [2023-03-21T15:46:58.226Z] [worker-asia-northeast1-movieAPI-6e3aab15-33b0-4cce-8b34-e3e1e72072d5]: BUSY {"metadata":{"emulator":{"name":"functions"},"function":{"name":"asia-northeast1-movieAPI"},"extension":{},"message":"[worker-asia-northeast1-movieAPI-6e3aab15-33b0-4cce-8b34-e3e1e72072d5]: BUSY"}}
[info] i  functions: Finished "asia-northeast1-movieAPI" in 139.719ms {"metadata":{"emulator":{"name":"functions"},"function":{"name":"asia-northeast1-movieAPI"},"extension":{},"message":"Finished \"asia-northeast1-movieAPI\" in 139.719ms"}}
[debug] [2023-03-21T15:46:58.366Z] [worker-asia-northeast1-movieAPI-6e3aab15-33b0-4cce-8b34-e3e1e72072d5]: IDLE {"metadata":{"emulator":{"name":"functions"},"function":{"name":"asia-northeast1-movieAPI"},"extension":{},"message":"[worker-asia-northeast1-movieAPI-6e3aab15-33b0-4cce-8b34-e3e1e72072d5]: IDLE"}}
[debug] [2023-03-21T15:46:58.366Z] [work-queue] {"queuedWork":[],"queueLength":0,"runningWork":[],"workRunningCount":0}
[debug] [2023-03-22T05:06:19.869Z] [worker-asia-northeast1-movieAPI-6e3aab15-33b0-4cce-8b34-e3e1e72072d5]: exited {"metadata":{"emulator":{"name":"functions"},"function":{"name":"asia-northeast1-movieAPI"},"extension":{},"message":"[worker-asia-northeast1-movieAPI-6e3aab15-33b0-4cce-8b34-e3e1e72072d5]: exited"}}
